::1 - - [27/Mar/2024:12:38:33 +0000] "GET /auth/login HTTP/1.1" 404 149 "-" "PostmanRuntime/7.32.1"
::1 - - [27/Mar/2024:12:39:16 +0000] "GET /auth/login HTTP/1.1" 404 149 "-" "PostmanRuntime/7.32.1"
::1 - - [27/Mar/2024:12:39:20 +0000] "POST /auth/login HTTP/1.1" 401 118 "-" "PostmanRuntime/7.32.1"
::1 - - [27/Mar/2024:12:39:36 +0000] "POST /user HTTP/1.1" 404 144 "-" "PostmanRuntime/7.32.1"
::1 - - [27/Mar/2024:12:39:42 +0000] "POST /users HTTP/1.1" 500 147 "-" "PostmanRuntime/7.32.1"
::1 - - [27/Mar/2024:12:40:02 +0000] "POST /users HTTP/1.1" 201 297 "-" "PostmanRuntime/7.32.1"
::1 - - [27/Mar/2024:12:40:20 +0000] "POST /lauth/login HTTP/1.1" 404 151 "-" "PostmanRuntime/7.32.1"
::1 - - [27/Mar/2024:12:40:29 +0000] "POST /auth/login HTTP/1.1" 200 372 "-" "PostmanRuntime/7.32.1"
::1 - - [27/Mar/2024:12:41:29 +0000] "POST /rooms HTTP/1.1" 500 1947 "-" "PostmanRuntime/7.32.1"
::1 - - [27/Mar/2024:12:44:01 +0000] "POST /rooms HTTP/1.1" 201 209 "-" "PostmanRuntime/7.32.1"
::1 - - [27/Mar/2024:12:49:24 +0000] "POST /reservation HTTP/1.1" 404 151 "-" "PostmanRuntime/7.32.1"
::1 - - [27/Mar/2024:12:49:28 +0000] "POST /reservations HTTP/1.1" 500 330 "-" "PostmanRuntime/7.32.1"
::1 - - [27/Mar/2024:12:51:03 +0000] "POST /reservations HTTP/1.1" 500 330 "-" "PostmanRuntime/7.32.1"
::1 - - [27/Mar/2024:12:51:16 +0000] "POST /reservations HTTP/1.1" 500 330 "-" "PostmanRuntime/7.32.1"
::1 - - [27/Mar/2024:12:52:27 +0000] "POST /reservations HTTP/1.1" 500 330 "-" "PostmanRuntime/7.32.1"
::1 - - [27/Mar/2024:12:58:49 +0000] "POST /reservations HTTP/1.1" 500 393 "-" "PostmanRuntime/7.32.1"
::1 - - [27/Mar/2024:13:57:14 +0000] "POST /reservations HTTP/1.1" 201 354 "-" "PostmanRuntime/7.32.1"
::1 - - [27/Mar/2024:14:00:19 +0000] "POST /reservations HTTP/1.1" 201 354 "-" "PostmanRuntime/7.32.1"
::1 - - [27/Mar/2024:14:07:05 +0000] "POST /reservations HTTP/1.1" 500 306 "-" "PostmanRuntime/7.32.1"
::1 - - [27/Mar/2024:14:07:56 +0000] "POST /reservations HTTP/1.1" 500 309 "-" "PostmanRuntime/7.32.1"
::1 - - [27/Mar/2024:14:09:05 +0000] "POST /reservations HTTP/1.1" 201 354 "-" "PostmanRuntime/7.32.1"
::1 - - [27/Mar/2024:14:41:00 +0000] "POST /reservations HTTP/1.1" 500 318 "-" "PostmanRuntime/7.32.1"
::1 - - [27/Mar/2024:14:42:23 +0000] "POST /reservations HTTP/1.1" 500 318 "-" "PostmanRuntime/7.32.1"
::1 - - [27/Mar/2024:14:42:24 +0000] "POST /reservations HTTP/1.1" 500 318 "-" "PostmanRuntime/7.32.1"
::1 - - [27/Mar/2024:14:45:06 +0000] "POST /reservations HTTP/1.1" 201 354 "-" "PostmanRuntime/7.32.1"
::1 - - [27/Mar/2024:14:45:50 +0000] "POST /reservations HTTP/1.1" 500 318 "-" "PostmanRuntime/7.32.1"
::1 - - [27/Mar/2024:14:46:51 +0000] "POST /reservations HTTP/1.1" 500 265 "-" "PostmanRuntime/7.32.1"
::1 - - [27/Mar/2024:14:51:38 +0000] "POST /reservations HTTP/1.1" 201 354 "-" "PostmanRuntime/7.32.1"
::1 - - [27/Mar/2024:14:52:21 +0000] "POST /reservations HTTP/1.1" 500 265 "-" "PostmanRuntime/7.32.1"
::1 - - [27/Mar/2024:14:56:21 +0000] "POST /reservations HTTP/1.1" 500 265 "-" "PostmanRuntime/7.32.1"
::1 - - [27/Mar/2024:14:56:41 +0000] "POST /reservations HTTP/1.1" 500 265 "-" "PostmanRuntime/7.32.1"
::1 - - [27/Mar/2024:14:56:47 +0000] "POST /reservations HTTP/1.1" 500 265 "-" "PostmanRuntime/7.32.1"
::1 - - [27/Mar/2024:14:57:21 +0000] "POST /reservations HTTP/1.1" 201 354 "-" "PostmanRuntime/7.32.1"
::1 - - [27/Mar/2024:14:58:52 +0000] "POST /reservations HTTP/1.1" 201 354 "-" "PostmanRuntime/7.32.1"
::1 - - [27/Mar/2024:14:59:25 +0000] "POST /reservations HTTP/1.1" 201 354 "-" "PostmanRuntime/7.32.1"
::1 - - [27/Mar/2024:15:00:40 +0000] "POST /reservations HTTP/1.1" 500 237 "-" "PostmanRuntime/7.32.1"
::1 - - [27/Mar/2024:15:01:08 +0000] "POST /reservations HTTP/1.1" 201 354 "-" "PostmanRuntime/7.32.1"
::1 - - [27/Mar/2024:15:01:54 +0000] "POST /reservations HTTP/1.1" 500 244 "-" "PostmanRuntime/7.32.1"
::1 - - [27/Mar/2024:15:04:03 +0000] "POST /reservations HTTP/1.1" 201 354 "-" "PostmanRuntime/7.32.1"
::1 - - [27/Mar/2024:15:19:12 +0000] "POST /reservations HTTP/1.1" 500 265 "-" "PostmanRuntime/7.32.1"
::1 - - [27/Mar/2024:21:35:04 +0000] "GET /reservations HTTP/1.1" 200 7531 "-" "PostmanRuntime/7.32.1"
